
> alsarmad@0.1.0 build C:\Users\khayal\Desktop\Projects\alsarmad
> next build

info  - Linting and checking validity of types...

./pages/_app.tsx
54:7  Warning: React Hook useEffect has a missing dependency: 'setIsOpened'. Either include it or remove the dependency array.  react-hooks/exhaustive-deps
54:8  Warning: React Hook useEffect has a complex expression in the dependency array. Extract it to a separate variable so it can be statically checked.  react-hooks/exhaustive-deps

info  - Need to disable some ESLint rules? Learn more here: https://nextjs.org/docs/basic-features/eslint#disabling-rules
info  - Creating an optimized production build...
info  - Compiled successfully
info  - Collecting page data...
info  - Generating static pages (0/4)
info  - Generating static pages (1/4)
info  - Generating static pages (2/4)
info  - Generating static pages (3/4)
info  - Generating static pages (4/4)
info  - Finalizing page optimization...

Route (pages)                              Size     First Load JS
┌ ○ / (356 ms)                             3.28 kB         108 kB
├   /_app                                  0 B             101 kB
├ ○ /404                                   182 B           102 kB
└ ○ /team (366 ms)                         4.59 kB         109 kB
+ First Load JS shared by all              101 kB
  ├ chunks/framework-ac88a2a245aea9ab.js   45.2 kB
  ├ chunks/main-aef3d8be64dfe3ac.js        27.8 kB
  ├ chunks/pages/_app-2d73e208df9e9284.js  27.4 kB
  └ chunks/webpack-0b5d8249fb15f5f3.js     939 B

○  (Static)  automatically rendered as static HTML (uses no initial props)

